DEBUG   |210401 22:21:09|Fetching filter data from database
DEBUG   |210401 22:21:09|Loading filters
DEBUG   |210401 22:21:09|-- Loading filter Regexskipdirs
DEBUG   |210401 22:21:09|-- Loading filter Skipdirs
DEBUG   |210401 22:21:09|-- Loading filter Multidb
DEBUG   |210401 22:21:09|-- Loading filter Regexdirectories
DEBUG   |210401 22:21:09|-- Loading filter Regexskipfiles
DEBUG   |210401 22:21:09|-- Loading filter Tables
DEBUG   |210401 22:21:09|-- Loading filter Tabledata
DEBUG   |210401 22:21:09|-- Loading filter Directories
DEBUG   |210401 22:21:09|-- Loading filter Files
DEBUG   |210401 22:21:09|-- Loading filter Extradirs
DEBUG   |210401 22:21:09|-- Loading filter Regextables
DEBUG   |210401 22:21:09|-- Loading filter Regextabledata
DEBUG   |210401 22:21:09|-- Loading filter Regexfiles
DEBUG   |210401 22:21:09|-- Loading filter Incremental
DEBUG   |210401 22:21:09|-- Loading filter Skipfiles
DEBUG   |210401 22:21:09|-- Loading filter Excludetabledata
DEBUG   |210401 22:21:09|-- Loading filter Siteroot
DEBUG   |210401 22:21:09|-- Loading filter Excludefiles
DEBUG   |210401 22:21:09|-- Loading filter Sitedb
DEBUG   |210401 22:21:09|-- Loading filter Libraries
DEBUG   |210401 22:21:09|-- Loading filter Cvsfolders
DEBUG   |210401 22:21:09|-- Loading filter Excludefolders
DEBUG   |210401 22:21:09|-- Loading filter Joomlaskipdirs
DEBUG   |210401 22:21:09|-- Loading filter Joomlaskipfiles
DEBUG   |210401 22:21:09|-- Loading filter Systemcachefiles
DEBUG   |210401 22:21:09|Loading optional filters
DEBUG   |210401 22:21:09|-- Loading optional filter Stack\StackHoststats
DEBUG   |210401 22:21:09|-- Loading optional filter Stack\StackErrorlogs
DEBUG   |210401 22:21:09|-- Loading optional filter Stack\StackFinder
DEBUG   |210401 22:21:09|-- Loading optional filter Stack\StackActionlogs
DEBUG   |210401 22:21:09|-- Loading optional filter Stack\StackMyjoomla
